сент. 16, 2021 12:03:04 AM JUL.JULStartTest testGetEmptyMessage
INFO: Call method "testGetEmptyMessage"

сент. 16, 2021 12:03:04 AM JUL.JULStart getEmptyMessage
INFO: Call method "getEmptyMessage"

сент. 16, 2021 12:03:04 AM JUL.JULStartTest testGetEmptyMessage
INFO: Test : "testGetEmptyMessage" is successfully!

сент. 16, 2021 12:03:12 AM JUL.JULStartTest testGetEmptyMessage
INFO: Call method "testGetEmptyMessage"

сент. 16, 2021 12:03:12 AM JUL.JULStart getEmptyMessage
INFO: Call method "getEmptyMessage"

сент. 16, 2021 12:03:12 AM JUL.JULStartTest testGetEmptyMessage
INFO: Test : "testGetEmptyMessage" is successfully!

сент. 16, 2021 12:03:12 AM JUL.JULStartTest testGetMessage
INFO: Call method "testGetMessage"

сент. 16, 2021 12:03:12 AM JUL.JULStart getMessage
INFO: Call method "getMessage"

сент. 16, 2021 12:03:12 AM JUL.JULStart getMessage
INFO: Call method "getMessage"

сент. 16, 2021 12:03:12 AM JUL.JULStart getMessage
INFO: Call method "getMessage"

сент. 16, 2021 12:03:12 AM JUL.JULStartTest testGetMessage
INFO: Test : "testGetMessage" is successfully!

сент. 16, 2021 12:55:35 PM JUL.JULStart getMessage
INFO: Call method "getMessage"

сент. 16, 2021 12:56:17 PM JUL.JULStart getMessage
INFO: Call method "getMessage"

сент. 16, 2021 1:17:00 PM JUL.JULStart getMessage
INFO: Call method "getMessage"

сент. 16, 2021 1:17:08 PM JUL.JULStart getMessage
INFO: Call method "getMessage"

